<?xml version="1.0" encoding="UTF-8"?>
<!-- Generated by org.testng.reporters.JUnitReportReporter -->
<testsuite skipped="0" hostname="DESKTOP-KGJQLO1" name="orangeHRM.TC_PIM_02" tests="1" failures="0" timestamp="2023-01-01T07:44:04 IST" time="24.498" errors="0">
  <testcase name="pimDetails" time="24.498" classname="orangeHRM.TC_PIM_02"/>
  <system-out/>
</testsuite> <!-- orangeHRM.TC_PIM_02 -->
