<?xml version="1.0" encoding="UTF-8"?>
<!-- Generated by org.testng.reporters.JUnitReportReporter -->
<testsuite skipped="0" hostname="DESKTOP-KGJQLO1" name="orangeHRM.PIMCreate" tests="1" failures="0" timestamp="2022-12-31T00:25:13 IST" time="26.601" errors="0">
  <testcase name="pimDetails" time="26.601" classname="orangeHRM.PIMCreate"/>
  <system-out/>
</testsuite> <!-- orangeHRM.PIMCreate -->
