<?xml version="1.0" encoding="UTF-8"?>
<!-- Generated by org.testng.reporters.JUnitReportReporter -->
<testsuite skipped="0" hostname="DESKTOP-KGJQLO1" name="orangeHRM.TC_Login_02" tests="1" failures="0" timestamp="2022-12-31T18:39:23 IST" time="62.203" errors="0">
  <testcase name="invalidLogin" time="62.203" classname="orangeHRM.TC_Login_02"/>
  <system-out/>
</testsuite> <!-- orangeHRM.TC_Login_02 -->
