<?xml version="1.0" encoding="UTF-8"?>
<!-- Generated by org.testng.reporters.JUnitReportReporter -->
<testsuite skipped="0" hostname="DESKTOP-KGJQLO1" name="orangeHRM.Delete" tests="1" failures="0" timestamp="2023-01-01T11:24:13 IST" time="32.701" errors="0">
  <testcase name="delete" time="32.701" classname="orangeHRM.Delete"/>
  <system-out/>
</testsuite> <!-- orangeHRM.Delete -->
