<?xml version="1.0" encoding="UTF-8"?>
<!-- Generated by org.testng.reporters.JUnitReportReporter -->
<testsuite skipped="0" hostname="DESKTOP-KGJQLO1" name="orangeHRM.TC_PIM_01" tests="1" failures="0" timestamp="2023-01-01T11:08:56 IST" time="48.120" errors="0">
  <testcase name="pim_01" time="48.120" classname="orangeHRM.TC_PIM_01"/>
  <system-out/>
</testsuite> <!-- orangeHRM.TC_PIM_01 -->
